0 info it worked if it ends with ok
1 verbose cli [ 'C:\\node\\\\node.exe',
1 verbose cli   'C:\\node\\node_modules\\npm\\bin\\npm-cli.js',
1 verbose cli   'install' ]
2 info using npm@2.7.4
3 info using node@v0.12.2
4 verbose node symlink C:\node\\node.exe
5 verbose install where, deps [ 'c:\\Programming\\angular-phonecat',
5 verbose install   [ 'bower',
5 verbose install     'http-server',
5 verbose install     'karma',
5 verbose install     'karma-chrome-launcher',
5 verbose install     'karma-firefox-launcher',
5 verbose install     'karma-jasmine',
5 verbose install     'protractor',
5 verbose install     'shelljs',
5 verbose install     'tmp' ] ]
6 verbose install where, peers [ 'c:\\Programming\\angular-phonecat', [] ]
7 info preinstall angular-phonecat@0.0.1
8 verbose already installed skipping bower@^1.5.2 c:\Programming\angular-phonecat
9 verbose already installed skipping http-server@^0.6.1 c:\Programming\angular-phonecat
10 verbose already installed skipping karma@^0.12.16 c:\Programming\angular-phonecat
11 verbose already installed skipping karma-chrome-launcher@^0.1.4 c:\Programming\angular-phonecat
12 verbose already installed skipping karma-firefox-launcher@^0.1.3 c:\Programming\angular-phonecat
13 verbose already installed skipping karma-jasmine@~0.1.0 c:\Programming\angular-phonecat
14 verbose already installed skipping protractor@^2.1.0 c:\Programming\angular-phonecat
15 verbose already installed skipping shelljs@^0.2.6 c:\Programming\angular-phonecat
16 verbose already installed skipping tmp@0.0.23 c:\Programming\angular-phonecat
17 silly install resolved []
18 info build c:\Programming\angular-phonecat
19 verbose linkStuff [ false, false, false, 'c:\\Programming' ]
20 info linkStuff angular-phonecat@0.0.1
21 verbose linkBins angular-phonecat@0.0.1
22 verbose linkMans angular-phonecat@0.0.1
23 verbose rebuildBundles angular-phonecat@0.0.1
24 verbose rebuildBundles [ '.bin',
24 verbose rebuildBundles   'bower',
24 verbose rebuildBundles   'http-server',
24 verbose rebuildBundles   'karma',
24 verbose rebuildBundles   'karma-chrome-launcher',
24 verbose rebuildBundles   'karma-firefox-launcher',
24 verbose rebuildBundles   'karma-jasmine',
24 verbose rebuildBundles   'protractor',
24 verbose rebuildBundles   'shelljs',
24 verbose rebuildBundles   'tmp' ]
25 info install angular-phonecat@0.0.1
26 info postinstall angular-phonecat@0.0.1
27 verbose unsafe-perm in lifecycle true
28 info angular-phonecat@0.0.1 Failed to exec postinstall script
29 verbose stack Error: angular-phonecat@0.0.1 postinstall: `bower install`
29 verbose stack Exit status 1
29 verbose stack     at EventEmitter.<anonymous> (C:\node\node_modules\npm\lib\utils\lifecycle.js:213:16)
29 verbose stack     at EventEmitter.emit (events.js:110:17)
29 verbose stack     at ChildProcess.<anonymous> (C:\node\node_modules\npm\lib\utils\spawn.js:14:12)
29 verbose stack     at ChildProcess.emit (events.js:110:17)
29 verbose stack     at maybeClose (child_process.js:1015:16)
29 verbose stack     at Process.ChildProcess._handle.onexit (child_process.js:1087:5)
30 verbose pkgid angular-phonecat@0.0.1
31 verbose cwd c:\Programming\angular-phonecat
32 error Windows_NT 6.3.9600
33 error argv "C:\\node\\\\node.exe" "C:\\node\\node_modules\\npm\\bin\\npm-cli.js" "install"
34 error node v0.12.2
35 error npm  v2.7.4
36 error code ELIFECYCLE
37 error angular-phonecat@0.0.1 postinstall: `bower install`
37 error Exit status 1
38 error Failed at the angular-phonecat@0.0.1 postinstall script 'bower install'.
38 error This is most likely a problem with the angular-phonecat package,
38 error not with npm itself.
38 error Tell the author that this fails on your system:
38 error     bower install
38 error You can get their info via:
38 error     npm owner ls angular-phonecat
38 error There is likely additional logging output above.
39 verbose exit [ 1, true ]
